
Showing logs for build [32mcb-kubecd-environment-pr-180-25-d7l5h-1[0m stage [32mfrom-build-pack[0m and container [32mstep-credential-initializer-r4r7q[0m
{"level":"warn","ts":1584077699.7475755,"logger":"fallback-logger","caller":"logging/config.go:69","msg":"Fetch GitHub commit ID from kodata failed: \"ref: refs/heads/0.8.0-**-support-backwards-incompats\" is not a valid GitHub commit ID"}
{"level":"info","ts":1584077699.7481754,"logger":"fallback-logger","caller":"creds-init/main.go:40","msg":"Credentials initialized."}

Showing logs for build [32mcb-kubecd-environment-pr-180-25-d7l5h-1[0m stage [32mfrom-build-pack[0m and container [32mstep-working-dir-initializer-d9rkt[0m
{"level":"warn","ts":1584077700.977642,"logger":"fallback-logger","caller":"logging/config.go:69","msg":"Fetch GitHub commit ID from kodata failed: open /var/run/ko/HEAD: no such file or directory"}
{"level":"info","ts":1584077700.9793365,"logger":"fallback-logger","caller":"bash/main.go:64","msg":"Successfully executed command \"sh -c mkdir -p /workspace/source\"; output "}

Showing logs for build [32mcb-kubecd-environment-pr-180-25-d7l5h-1[0m stage [32mfrom-build-pack[0m and container [32mstep-place-tools[0m

Showing logs for build [32mcb-kubecd-environment-pr-180-25-d7l5h-1[0m stage [32mfrom-build-pack[0m and container [32mstep-git-source-cb-kubecd-environment-pr-180-25-d7l5h-tdr5x[0m
{"level":"warn","ts":1584077706.0061328,"logger":"fallback-logger","caller":"logging/config.go:69","msg":"Fetch GitHub commit ID from kodata failed: \"ref: refs/heads/0.8.0-**-support-backwards-incompats\" is not a valid GitHub commit ID"}
{"level":"info","ts":1584077707.0740104,"logger":"fallback-logger","caller":"git/git.go:103","msg":"Successfully cloned https://github.com/cb-kubecd/environment-pr-180-25-boot-gke-staging.git @ master in path /workspace/source"}

Showing logs for build [32mcb-kubecd-environment-pr-180-25-d7l5h-1[0m stage [32mfrom-build-pack[0m and container [32mstep-git-merge[0m
Using SHAs from PULL_REFS=master:6aa6e8bace7698e3a63fc14bd50dbcdffa96dfcf,6:dd5dbbe23ffe38b5482826f985374d498c297f39
DEBUG: LC_ALL=C JX_LOG_LEVEL=error git fetch origin --unshallow dd5dbbe23ffe38b5482826f985374d498c297f39: 6aa6e8bace7698e3a63fc14bd50dbcdffa96dfcf:
DEBUG: ran git fetch --unshallow origin dd5dbbe23ffe38b5482826f985374d498c297f39: 6aa6e8bace7698e3a63fc14bd50dbcdffa96dfcf: in 
DEBUG: JX_LOG_LEVEL=error LC_ALL=C git branch
DEBUG: JX_LOG_LEVEL=error LC_ALL=C git checkout master
DEBUG: ran git checkout master in 
DEBUG: JX_LOG_LEVEL=error LC_ALL=C git reset --hard 6aa6e8bace7698e3a63fc14bd50dbcdffa96dfcf
DEBUG: ran git reset --hard 6aa6e8bace7698e3a63fc14bd50dbcdffa96dfcf in 
DEBUG: LC_ALL=C JX_LOG_LEVEL=error git clean -fd .
DEBUG: ran clean --force -d . in 
DEBUG: LC_ALL=C JX_LOG_LEVEL=error git merge dd5dbbe23ffe38b5482826f985374d498c297f39
DEBUG: ran git merge dd5dbbe23ffe38b5482826f985374d498c297f39 in 
DEBUG: LC_ALL=C JX_LOG_LEVEL=error git log --format=%H%x1f%an%x1f%ae%x1f%cn%x1f%ce%x1f%s%n%b%x1e 6aa6e8bace7698e3a63fc14bd50dbcdffa96dfcf..HEAD
Merged SHA dd5dbbe23ffe38b5482826f985374d498c297f39 with commit message 'chore: Promote bdd-sbrp-import-1584076721 to version 0.0.1' into base branch master

Showing logs for build [32mcb-kubecd-environment-pr-180-25-d7l5h-1[0m stage [32mfrom-build-pack[0m and container [32mstep-build-helm-build[0m
WARNING: No $CHART_REPOSITORY defined so using the default value of: http://jenkins-x-chartmuseum:8080
Adding missing Helm repo: storage.googleapis.com https://storage.googleapis.com/chartmuseum.jenkins-x.io
WARNING: No secrets found on "helm/repos" due: reading the secret "helm/repos" from vault: no secret "helm/repos" not found in vault
Read credentials for https://storage.googleapis.com/chartmuseum.jenkins-x.io from vault helm/repos
Successfully added Helm repository storage.googleapis.com.
Adding missing Helm repo: jenkins-x-chartmuseum http://jenkins-x-chartmuseum:8080
WARNING: No secrets found on "helm/repos" due: reading the secret "helm/repos" from vault: no secret "helm/repos" not found in vault
Read credentials for http://jenkins-x-chartmuseum:8080 from vault helm/repos
Successfully added Helm repository jenkins-x-chartmuseum.
WARNING: No $CHART_REPOSITORY defined so using the default value of: http://jenkins-x-chartmuseum:8080
Adding missing Helm repo: chartmuseum.jenkins-x.io http://chartmuseum.jenkins-x.io
WARNING: No secrets found on "helm/repos" due: reading the secret "helm/repos" from vault: no secret "helm/repos" not found in vault
Read credentials for http://chartmuseum.jenkins-x.io from vault helm/repos
Successfully added Helm repository chartmuseum.jenkins-x.io.
