
Showing logs for build [32mcb-kubecd-environment-pr-180-25-jjwxg-1[0m stage [32mfrom-build-pack[0m and container [32mstep-credential-initializer-l4z7t[0m
{"level":"warn","ts":1584073819.3949602,"logger":"fallback-logger","caller":"logging/config.go:69","msg":"Fetch GitHub commit ID from kodata failed: \"ref: refs/heads/0.8.0-**-support-backwards-incompats\" is not a valid GitHub commit ID"}
{"level":"info","ts":1584073819.3956397,"logger":"fallback-logger","caller":"creds-init/main.go:40","msg":"Credentials initialized."}

Showing logs for build [32mcb-kubecd-environment-pr-180-25-jjwxg-1[0m stage [32mfrom-build-pack[0m and container [32mstep-working-dir-initializer-9rn9j[0m
{"level":"warn","ts":1584073820.1857338,"logger":"fallback-logger","caller":"logging/config.go:69","msg":"Fetch GitHub commit ID from kodata failed: open /var/run/ko/HEAD: no such file or directory"}
{"level":"info","ts":1584073820.2036986,"logger":"fallback-logger","caller":"bash/main.go:64","msg":"Successfully executed command \"sh -c mkdir -p /workspace/source\"; output "}

Showing logs for build [32mcb-kubecd-environment-pr-180-25-jjwxg-1[0m stage [32mfrom-build-pack[0m and container [32mstep-place-tools[0m

Showing logs for build [32mcb-kubecd-environment-pr-180-25-jjwxg-1[0m stage [32mfrom-build-pack[0m and container [32mstep-git-source-cb-kubecd-environment-pr-180-25-jjwxg-pvjrn[0m
{"level":"warn","ts":1584073825.4914064,"logger":"fallback-logger","caller":"logging/config.go:69","msg":"Fetch GitHub commit ID from kodata failed: \"ref: refs/heads/0.8.0-**-support-backwards-incompats\" is not a valid GitHub commit ID"}
{"level":"info","ts":1584073826.6154535,"logger":"fallback-logger","caller":"git/git.go:103","msg":"Successfully cloned https://github.com/cb-kubecd/environment-pr-180-25-boot-gke-staging.git @ master in path /workspace/source"}

Showing logs for build [32mcb-kubecd-environment-pr-180-25-jjwxg-1[0m stage [32mfrom-build-pack[0m and container [32mstep-git-merge[0m
Using SHAs from PULL_REFS=master:26ad0281ec64b83a96c3c7ede904858cc0a7ec8a,1:e8bca2cae7af9196bc9dce9fa5e7f495e4c91740
DEBUG: LC_ALL=C JX_LOG_LEVEL=error git fetch origin --unshallow e8bca2cae7af9196bc9dce9fa5e7f495e4c91740: 26ad0281ec64b83a96c3c7ede904858cc0a7ec8a:
DEBUG: ran git fetch --unshallow origin e8bca2cae7af9196bc9dce9fa5e7f495e4c91740: 26ad0281ec64b83a96c3c7ede904858cc0a7ec8a: in 
DEBUG: LC_ALL=C JX_LOG_LEVEL=error git branch
DEBUG: JX_LOG_LEVEL=error LC_ALL=C git checkout master
DEBUG: ran git checkout master in 
DEBUG: LC_ALL=C JX_LOG_LEVEL=error git reset --hard 26ad0281ec64b83a96c3c7ede904858cc0a7ec8a
DEBUG: ran git reset --hard 26ad0281ec64b83a96c3c7ede904858cc0a7ec8a in 
DEBUG: JX_LOG_LEVEL=error LC_ALL=C git clean -fd .
DEBUG: ran clean --force -d . in 
DEBUG: LC_ALL=C JX_LOG_LEVEL=error git merge e8bca2cae7af9196bc9dce9fa5e7f495e4c91740
DEBUG: ran git merge e8bca2cae7af9196bc9dce9fa5e7f495e4c91740 in 
DEBUG: LC_ALL=C JX_LOG_LEVEL=error git log --format=%H%x1f%an%x1f%ae%x1f%cn%x1f%ce%x1f%s%n%b%x1e 26ad0281ec64b83a96c3c7ede904858cc0a7ec8a..HEAD
Merged SHA e8bca2cae7af9196bc9dce9fa5e7f495e4c91740 with commit message 'chore: Promote bdd-spring-1584073541 to version 0.0.1' into base branch master

Showing logs for build [32mcb-kubecd-environment-pr-180-25-jjwxg-1[0m stage [32mfrom-build-pack[0m and container [32mstep-build-helm-build[0m
WARNING: No $CHART_REPOSITORY defined so using the default value of: http://jenkins-x-chartmuseum:8080
Adding missing Helm repo: storage.googleapis.com https://storage.googleapis.com/chartmuseum.jenkins-x.io
WARNING: No secrets found on "helm/repos" due: reading the secret "helm/repos" from vault: no secret "helm/repos" not found in vault
Read credentials for https://storage.googleapis.com/chartmuseum.jenkins-x.io from vault helm/repos
Successfully added Helm repository storage.googleapis.com.
Adding missing Helm repo: jenkins-x-chartmuseum http://jenkins-x-chartmuseum:8080
WARNING: No secrets found on "helm/repos" due: reading the secret "helm/repos" from vault: no secret "helm/repos" not found in vault
Read credentials for http://jenkins-x-chartmuseum:8080 from vault helm/repos
Successfully added Helm repository jenkins-x-chartmuseum.
WARNING: No $CHART_REPOSITORY defined so using the default value of: http://jenkins-x-chartmuseum:8080
Adding missing Helm repo: chartmuseum.jenkins-x.io http://chartmuseum.jenkins-x.io
WARNING: No secrets found on "helm/repos" due: reading the secret "helm/repos" from vault: no secret "helm/repos" not found in vault
Read credentials for http://chartmuseum.jenkins-x.io from vault helm/repos
Successfully added Helm repository chartmuseum.jenkins-x.io.
